WARNING: ram_1w1r_async.sv:31: $readmemh(memory_init_file.hex): Not enough words in the file for the requested range [0:19].
fifo_1r1w.mem_inst: depth_p is         20, width_p is         10
top_testbench.cg with cycle_time_p          10
VCD info: dumpfile iverilog.vcd opened for output.
VCD warning: $dumpvars: Unsupported argument type (vpiPackage)

████████╗███████╗███████╗████████╗██████╗ ███████╗███╗   ██╗ ██████╗██╗  ██╗    ████████╗ ██████╗ ██████╗ 
╚══██╔══╝██╔════╝██╔════╝╚══██╔══╝██╔══██╗██╔════╝████╗  ██║██╔════╝██║  ██║    ╚══██╔══╝██╔═══██╗██╔══██╗
██║   █████╗  ███████╗   ██║   ██████╔╝█████╗  ██╔██╗ ██║██║     ███████║       ██║   ██║   ██║██████╔╝
██║   ██╔══╝  ╚════██║   ██║   ██╔══██╗██╔══╝  ██║╚██╗██║██║     ██╔══██║       ██║   ██║   ██║██╔═══╝ 
██║   ███████╗███████║   ██║   ██████╔╝███████╗██║ ╚████║╚██████╗██║  ██║       ██║   ╚██████╔╝██║     
╚═╝   ╚══════╝╚══════╝   ╚═╝   ╚═════╝ ╚══════╝╚═╝  ╚═══╝ ╚═════╝╚═╝  ╚═╝       ╚═╝    ╚═════╝ ╚═╝     
__________ ___________  _______________________________
\______   \\_   _____/ /   _____/\_   _____/\__    ___/
 |       _/ |    __)_  \_____  \  |    __)_   |    |   
 |    |   \ |        \ /        \ |        \  |    |  0->1 time =         10
 |____|_  //_______  //_______  //_______  /  |____|   
 ASYNC  \/         \/         \/         \/            
Reset complete

Starting simulation

__________ ___________  _______________________________
\______   \\_   _____/ /   _____/\_   _____/\__    ___/
 |       _/ |    __)_  \_____  \  |    __)_   |    |   
 |    |   \ |        \ /        \ |        \  |    |  1->0 time =        110
 |____|_  //_______  //_______  //_______  /  |____|   
 ASYNC  \/         \/         \/         \/            
Power up, wait for gps power up
GPS power up, generating threedf at 0.5hz
Got fix, generating onepps at 1hz for 10pct duty cycle
Got fix, generating onepps at 1hz for 10pct duty cycle
Got fix, generating onepps at 1hz for 10pct duty cycle
Got fix, generating onepps at 1hz for 10pct duty cycle
Got fix, generating onepps at 1hz for 10pct duty cycle
Got fix, generating onepps at 1hz for 10pct duty cycle
Got fix, generating onepps at 1hz for 10pct duty cycle
Got fix, generating onepps at 1hz for 10pct duty cycle
Got fix, generating onepps at 1hz for 10pct duty cycle
Got fix, generating onepps at 1hz for 10pct duty cycle
Generating onepps at 1hz for 10pct duty cycle
Got fix, generating onepps at 1hz for 10pct duty cycle
Got fix, generating onepps at 1hz for 10pct duty cycle
Got fix, generating onepps at 1hz for 10pct duty cycle
Got fix, generating onepps at 1hz for 10pct duty cycle
Got fix, generating onepps at 1hz for 10pct duty cycle
Got fix, generating onepps at 1hz for 10pct duty cycle
Got fix, generating onepps at 1hz for 10pct duty cycle
Got fix, generating onepps at 1hz for 10pct duty cycle
Got fix, generating onepps at 1hz for 10pct duty cycle
Got fix, generating onepps at 1hz for 10pct duty cycle
Lost fix, generating threedf at 0.5hz
Got fix, generating onepps at 1hz for 10pct duty cycle
Got fix, generating onepps at 1hz for 10pct duty cycle
Got fix, generating onepps at 1hz for 10pct duty cycle
Got fix, generating onepps at 1hz for 10pct duty cycle
Got fix, generating onepps at 1hz for 10pct duty cycle
Got fix, generating onepps at 1hz for 10pct duty cycle
Got fix, generating onepps at 1hz for 10pct duty cycle
Got fix, generating onepps at 1hz for 10pct duty cycle
Got fix, generating onepps at 1hz for 10pct duty cycle
Got fix, generating onepps at 1hz for 10pct duty cycle
Simulating UART WRITE
Current System Time is: 08:12:28 PM--03/20/2023
